2020-06-12 10:43:49.331  INFO 27100 --- [main] c.o.i.batch.manager.BatchManagerStarter  : Starting BatchManagerStarter on BLRKEC287992L with PID 27100 (started by samrat.basu01 in D:\samrat.basu01\D-Drive\eclipse workspace\batch-notification-manager)
2020-06-12 10:43:49.352  INFO 27100 --- [main] c.o.i.batch.manager.BatchManagerStarter  : No active profile set, falling back to default profiles: default
2020-06-12 10:43:49.496  INFO 27100 --- [main] ConfigServletWebServerApplicationContext : Refreshing org.springframework.boot.web.servlet.context.AnnotationConfigServletWebServerApplicationContext@a6efecf3: startup date [Fri Jun 12 10:43:49 IST 2020]; root of context hierarchy
2020-06-12 10:43:52.271  INFO 27100 --- [main] o.s.b.w.embedded.tomcat.TomcatWebServer  : Tomcat initialized with port(s): 8305 (http)
2020-06-12 10:43:52.302  INFO 27100 --- [main] o.apache.catalina.core.StandardService   : Starting service [Tomcat]
2020-06-12 10:43:52.302  INFO 27100 --- [main] org.apache.catalina.core.StandardEngine  : Starting Servlet Engine: Apache Tomcat/8.5.28
2020-06-12 10:43:52.308  INFO 27100 --- [localhost-startStop-1] o.a.catalina.core.AprLifecycleListener   : The APR based Apache Tomcat Native library which allows optimal performance in production environments was not found on the java.library.path: [C:\Program Files\AdoptOpenJDK\jdk-8.0.202.08\jre\bin\compressedrefs;C:\Program Files\AdoptOpenJDK\jdk-8.0.202.08\jre\bin;C:\windows\system32;C:\windows;D:/openjdk-11.0.1_windows-x64_bin/jdk-11.0.1/bin/server;D:/openjdk-11.0.1_windows-x64_bin/jdk-11.0.1/bin;C:\windows\system32;C:\windows;C:\windows\System32\Wbem;C:\windows\System32\WindowsPowerShell\v1.0\;C:\windows\System32\OpenSSH\;C:\Program Files (x86)\Sennheiser\SoftphoneSDK\;C:\Program Files\AdoptOpenJDK\jdk-8.0.202.08\bin;C:\Program Files\PuTTY\;C:\Program Files\MongoDB\Server\4.2\bin;C:\Program Files\Redis;C:\Program Files\TortoiseGit\bin;C:\Program Files\Microsoft SQL Server\130\Tools\Binn\;C:\Program Files\Microsoft SQL Server\Client SDK\ODBC\170\Tools\Binn\;C:\Program Files\Git\cmd;C:\Program Files\nodejs\;C:\Program Files\dotnet\;C:\Users\samrat.basu01\AppData\Local\Microsoft\WindowsApps;;C:\Users\samrat.basu01\AppData\Local\Programs\Microsoft VS Code\bin;C:\Users\samrat.basu01\AppData\Roaming\npm;C:\Program Files\JetBrains\IntelliJ IDEA 2020.1.1\bin;;C:\Users\samrat.basu01\Desktop;;.]
2020-06-12 10:43:52.479  INFO 27100 --- [localhost-startStop-1] o.a.c.c.C.[Tomcat].[localhost].[/]       : Initializing Spring embedded WebApplicationContext
2020-06-12 10:43:52.479  INFO 27100 --- [localhost-startStop-1] o.s.web.context.ContextLoader            : Root WebApplicationContext: initialization completed in 2983 ms
2020-06-12 10:43:52.655  INFO 27100 --- [localhost-startStop-1] o.s.b.w.servlet.ServletRegistrationBean  : Servlet dispatcherServlet mapped to [/]
2020-06-12 10:43:52.659  INFO 27100 --- [localhost-startStop-1] o.s.b.w.servlet.FilterRegistrationBean   : Mapping filter: 'characterEncodingFilter' to: [/*]
2020-06-12 10:43:52.659  INFO 27100 --- [localhost-startStop-1] o.s.b.w.servlet.FilterRegistrationBean   : Mapping filter: 'hiddenHttpMethodFilter' to: [/*]
2020-06-12 10:43:52.660  INFO 27100 --- [localhost-startStop-1] o.s.b.w.servlet.FilterRegistrationBean   : Mapping filter: 'httpPutFormContentFilter' to: [/*]
2020-06-12 10:43:52.660  INFO 27100 --- [localhost-startStop-1] o.s.b.w.servlet.FilterRegistrationBean   : Mapping filter: 'requestContextFilter' to: [/*]
2020-06-12 10:43:53.398  INFO 27100 --- [main] s.w.s.m.m.a.RequestMappingHandlerMapping : Mapped "{[/batch-manager/upload/todo-template],methods=[POST]}" onto public org.springframework.http.ResponseEntity<?> com.org.infy.batch.manager.controller.BatchManagerController.uploadAppreciation(org.springframework.web.multipart.MultipartFile[])
2020-06-12 10:43:53.399  INFO 27100 --- [main] s.w.s.m.m.a.RequestMappingHandlerMapping : Mapped "{[/batch-manager/upload/campaign-template],methods=[POST]}" onto public org.springframework.http.ResponseEntity<?> com.org.infy.batch.manager.controller.BatchManagerController.uploadCourse(org.springframework.web.multipart.MultipartFile[],java.lang.String)
2020-06-12 10:43:53.400  INFO 27100 --- [main] s.w.s.m.m.a.RequestMappingHandlerMapping : Mapped "{[/start/notification],methods=[GET]}" onto public org.springframework.http.ResponseEntity<?> com.org.infy.batch.manager.controller.BatchManagerController.startNotification(java.lang.String)
2020-06-12 10:43:53.404  INFO 27100 --- [main] s.w.s.m.m.a.RequestMappingHandlerMapping : Mapped "{[/v2/api-docs],methods=[GET],produces=[application/json || application/hal+json]}" onto public org.springframework.http.ResponseEntity<springfox.documentation.spring.web.json.Json> springfox.documentation.swagger2.web.Swagger2Controller.getDocumentation(java.lang.String,javax.servlet.http.HttpServletRequest)
2020-06-12 10:43:53.410  INFO 27100 --- [main] s.w.s.m.m.a.RequestMappingHandlerMapping : Mapped "{[/configuration/security]}" onto org.springframework.http.ResponseEntity<springfox.documentation.swagger.web.SecurityConfiguration> springfox.documentation.swagger.web.ApiResourceController.securityConfiguration()
2020-06-12 10:43:53.411  INFO 27100 --- [main] s.w.s.m.m.a.RequestMappingHandlerMapping : Mapped "{[/configuration/ui]}" onto org.springframework.http.ResponseEntity<springfox.documentation.swagger.web.UiConfiguration> springfox.documentation.swagger.web.ApiResourceController.uiConfiguration()
2020-06-12 10:43:53.412  INFO 27100 --- [main] s.w.s.m.m.a.RequestMappingHandlerMapping : Mapped "{[/swagger-resources]}" onto org.springframework.http.ResponseEntity<java.util.List<springfox.documentation.swagger.web.SwaggerResource>> springfox.documentation.swagger.web.ApiResourceController.swaggerResources()
2020-06-12 10:43:53.423  INFO 27100 --- [main] s.w.s.m.m.a.RequestMappingHandlerMapping : Mapped "{[/error],produces=[text/html]}" onto public org.springframework.web.servlet.ModelAndView org.springframework.boot.autoconfigure.web.servlet.error.BasicErrorController.errorHtml(javax.servlet.http.HttpServletRequest,javax.servlet.http.HttpServletResponse)
2020-06-12 10:43:53.424  INFO 27100 --- [main] s.w.s.m.m.a.RequestMappingHandlerMapping : Mapped "{[/error]}" onto public org.springframework.http.ResponseEntity<java.util.Map<java.lang.String, java.lang.Object>> org.springframework.boot.autoconfigure.web.servlet.error.BasicErrorController.error(javax.servlet.http.HttpServletRequest)
2020-06-12 10:43:54.506  INFO 27100 --- [main] org.mongodb.driver.cluster               : Cluster created with settings {hosts=[localhost:27017], mode=SINGLE, requiredClusterType=UNKNOWN, serverSelectionTimeout='30000 ms', maxWaitQueueSize=500}
2020-06-12 10:43:54.604  INFO 27100 --- [cluster-ClusterId{value='5ee30f127170c969dc259ce7', description='null'}-localhost:27017] org.mongodb.driver.connection            : Opened connection [connectionId{localValue:1, serverValue:64}] to localhost:27017
2020-06-12 10:43:54.611  INFO 27100 --- [cluster-ClusterId{value='5ee30f127170c969dc259ce7', description='null'}-localhost:27017] org.mongodb.driver.cluster               : Monitor thread successfully connected to server with description ServerDescription{address=localhost:27017, type=STANDALONE, state=CONNECTED, ok=true, version=ServerVersion{versionList=[4, 2, 6]}, minWireVersion=0, maxWireVersion=8, maxDocumentSize=16777216, logicalSessionTimeoutMinutes=30, roundTripTimeNanos=5557437}
2020-06-12 10:43:54.968  INFO 27100 --- [main] s.w.s.m.m.a.RequestMappingHandlerAdapter : Looking for @ControllerAdvice: org.springframework.boot.web.servlet.context.AnnotationConfigServletWebServerApplicationContext@a6efecf3: startup date [Fri Jun 12 10:43:49 IST 2020]; root of context hierarchy
2020-06-12 10:43:55.047  INFO 27100 --- [main] o.s.w.s.handler.SimpleUrlHandlerMapping  : Mapped URL path [/webjars/**] onto handler of type [class org.springframework.web.servlet.resource.ResourceHttpRequestHandler]
2020-06-12 10:43:55.048  INFO 27100 --- [main] o.s.w.s.handler.SimpleUrlHandlerMapping  : Mapped URL path [/**] onto handler of type [class org.springframework.web.servlet.resource.ResourceHttpRequestHandler]
2020-06-12 10:43:55.102  INFO 27100 --- [main] o.s.w.s.handler.SimpleUrlHandlerMapping  : Mapped URL path [/**/favicon.ico] onto handler of type [class org.springframework.web.servlet.resource.ResourceHttpRequestHandler]
2020-06-12 10:43:55.315  INFO 27100 --- [main] o.s.j.e.a.AnnotationMBeanExporter        : Registering beans for JMX exposure on startup
2020-06-12 10:43:55.339  INFO 27100 --- [main] d.s.w.p.DocumentationPluginsBootstrapper : Context refreshed
2020-06-12 10:43:55.361  INFO 27100 --- [main] d.s.w.p.DocumentationPluginsBootstrapper : Found 1 custom documentation plugin(s)
2020-06-12 10:43:55.371  INFO 27100 --- [main] s.d.s.w.s.ApiListingReferenceScanner     : Scanning for api listing references
2020-06-12 10:43:55.611  INFO 27100 --- [main] o.s.b.w.embedded.tomcat.TomcatWebServer  : Tomcat started on port(s): 8305 (http) with context path ''
2020-06-12 10:43:55.616  INFO 27100 --- [main] c.o.i.batch.manager.BatchManagerStarter  : Started BatchManagerStarter in 7.128 seconds (JVM running for 7.798)
2020-06-12 10:44:12.858  INFO 27100 --- [http-nio-8305-exec-1] o.a.c.c.C.[Tomcat].[localhost].[/]       : Initializing Spring FrameworkServlet 'dispatcherServlet'
2020-06-12 10:44:12.859  INFO 27100 --- [http-nio-8305-exec-1] o.s.web.servlet.DispatcherServlet        : FrameworkServlet 'dispatcherServlet': initialization started
2020-06-12 10:44:12.906  INFO 27100 --- [http-nio-8305-exec-1] o.s.web.servlet.DispatcherServlet        : FrameworkServlet 'dispatcherServlet': initialization completed in 47 ms
2020-06-12 10:44:12.998  INFO 27100 --- [http-nio-8305-exec-1] c.o.i.b.m.c.BatchManagerController       : inside todo-template...
2020-06-12 10:44:12.999  INFO 27100 --- [http-nio-8305-exec-1] c.o.i.b.m.service.FileStorageService     : Template saved location is :D:\Users\batch-notification\todo-template\email-body.vm
2020-06-12 10:44:13.017  INFO 27100 --- [http-nio-8305-exec-1] c.o.i.b.m.service.FileStorageService     : Template saved location is :D:\Users\batch-notification\todo-template\email-subject.vm
